<?xml version="1.0" encoding="utf-8"?><testsuites name="pytest tests"><testsuite name="pytest" errors="0" failures="0" skipped="0" tests="14" time="8.396" timestamp="2026-03-10T05:04:28.198591+00:00" hostname="agent-env-16ee8694-a191-40d2-aaeb-07442eb7d3b6"><testcase classname="backend.tests.test_celeb_clock_api.TestHealthCheck" name="test_api_root" time="0.234" /><testcase classname="backend.tests.test_celeb_clock_api.TestHealthCheck" name="test_status_create" time="0.131" /><testcase classname="backend.tests.test_celeb_clock_api.TestHealthCheck" name="test_status_list" time="0.104" /><testcase classname="backend.tests.test_celeb_clock_api.TestAdminBlogAPIs" name="test_get_blog_drafts" time="0.116" /><testcase classname="backend.tests.test_celeb_clock_api.TestAdminBlogAPIs" name="test_get_blog_drafts_with_filter" time="0.115" /><testcase classname="backend.tests.test_celeb_clock_api.TestAdminBlogAPIs" name="test_get_blog_draft_not_found" time="0.117" /><testcase classname="backend.tests.test_celeb_clock_api.TestAdminBlogAPIs" name="test_blog_generation_api_structure" time="6.297" /><testcase classname="backend.tests.test_celeb_clock_api.TestAdminAnalyticsAPI" name="test_get_analytics" time="0.154" /><testcase classname="backend.tests.test_celeb_clock_api.TestAdminUserAPIs" name="test_get_users" time="0.159" /><testcase classname="backend.tests.test_celeb_clock_api.TestAdminUserAPIs" name="test_get_users_premium_filter" time="0.113" /><testcase classname="backend.tests.test_celeb_clock_api.TestAdminUserAPIs" name="test_get_user_not_found" time="0.114" /><testcase classname="backend.tests.test_celeb_clock_api.TestAdminEmailTemplates" name="test_get_email_templates" time="0.106" /><testcase classname="backend.tests.test_celeb_clock_api.TestBlogCRUDOperations" name="test_get_specific_draft" time="0.237" /><testcase classname="backend.tests.test_celeb_clock_api.TestBlogCRUDOperations" name="test_update_draft" time="0.211" /></testsuite></testsuites>